java.lang.NullPointerException
	at org.xwiki.rendering.async.internal.block.DefaultBlockAsyncRendererExecutor.execute(DefaultBlockAsyncRendererExecutor.java:138)
	at org.xwiki.rendering.async.internal.block.DefaultBlockAsyncRendererExecutor.execute(DefaultBlockAsyncRendererExecutor.java:107)
	at org.xwiki.uiextension.internal.AbstractWikiUIExtension.execute(AbstractWikiUIExtension.java:112)
	at org.apache.velocity.util.introspection.UberspectImpl$VelMethodImpl.doInvoke(UberspectImpl.java:395)
	at org.apache.velocity.util.introspection.UberspectImpl$VelMethodImpl.invoke(UberspectImpl.java:384)
	at org.apache.velocity.runtime.parser.node.ASTMethod.execute(ASTMethod.java:173)
	at org.apache.velocity.runtime.parser.node.ASTReference.execute(ASTReference.java:280)
	at org.apache.velocity.runtime.parser.node.ASTReference.value(ASTReference.java:567)
	at org.apache.velocity.runtime.parser.node.ASTMethod.execute(ASTMethod.java:151)
	at org.apache.velocity.runtime.parser.node.ASTReference.execute(ASTReference.java:280)
	at org.apache.velocity.runtime.parser.node.ASTReference.render(ASTReference.java:369)
	at org.apache.velocity.runtime.parser.node.ASTBlock.render(ASTBlock.java:72)
	at org.apache.velocity.runtime.parser.node.ASTIfStatement.render(ASTIfStatement.java:87)
	at org.apache.velocity.runtime.parser.node.ASTBlock.render(ASTBlock.java:72)
	at org.apache.velocity.runtime.directive.Foreach.render(Foreach.java:420)
	at org.apache.velocity.runtime.parser.node.ASTDirective.render(ASTDirective.java:207)
	at org.apache.velocity.runtime.parser.node.ASTBlock.render(ASTBlock.java:72)
	at org.apache.velocity.runtime.parser.node.ASTIfStatement.render(ASTIfStatement.java:87)
	at org.apache.velocity.runtime.parser.node.SimpleNode.render(SimpleNode.java:342)
	at org.xwiki.velocity.internal.DefaultVelocityEngine.evaluateInternal(DefaultVelocityEngine.java:259)
	at org.xwiki.velocity.internal.DefaultVelocityEngine.evaluate(DefaultVelocityEngine.java:222)
	at com.xpn.xwiki.render.DefaultVelocityManager.evaluate(DefaultVelocityManager.java:358)
	at com.xpn.xwiki.internal.template.InternalTemplateManager.evaluateContent(InternalTemplateManager.java:847)
	at com.xpn.xwiki.internal.template.InternalTemplateManager.render(InternalTemplateManager.java:723)
	at com.xpn.xwiki.internal.template.InternalTemplateManager.lambda$renderFromSkin$0(InternalTemplateManager.java:698)
	at com.xpn.xwiki.internal.security.authorization.DefaultAuthorExecutor.call(DefaultAuthorExecutor.java:98)
	at com.xpn.xwiki.internal.template.InternalTemplateManager.renderFromSkin(InternalTemplateManager.java:697)
	at com.xpn.xwiki.internal.template.InternalTemplateManager.renderFromSkin(InternalTemplateManager.java:676)
	at com.xpn.xwiki.internal.template.InternalTemplateManager.render(InternalTemplateManager.java:662)
	at com.xpn.xwiki.internal.template.DefaultTemplateManager.render(DefaultTemplateManager.java:78)
	at com.xpn.xwiki.XWiki.evaluateTemplate(XWiki.java:2290)
	at com.xpn.xwiki.XWiki.parseTemplate(XWiki.java:2268)
	at com.xpn.xwiki.api.XWiki.parseTemplate(XWiki.java:992)
