Initialized native services in: /home/mael/.gradle/native
The client will now receive all logging from the daemon (pid: 29702). The daemon log file: /home/mael/.gradle/daemon/4.10.2/daemon-29702.out.log
Starting 2nd build in daemon [uptime: 41.989 secs, performance: 96%]
Using 8 worker leases.
Starting Build
Settings evaluated using settings file '/media/mael/stamp/wp3/evocrash-usecases-output/Activeeon/Botsing/v1.0.7/catalog/settings.gradle'.
Projects loaded. Root project using build file '/media/mael/stamp/wp3/evocrash-usecases-output/Activeeon/Botsing/v1.0.7/catalog/build.gradle'.
Included projects: [root project 'catalog']

> Configure project :
Evaluating root project 'catalog' using build file '/media/mael/stamp/wp3/evocrash-usecases-output/Activeeon/Botsing/v1.0.7/catalog/build.gradle'.
Compiling build file '/media/mael/stamp/wp3/evocrash-usecases-output/Activeeon/Botsing/v1.0.7/catalog/build.gradle' using SubsetScriptTransformer.
Compiling build file '/media/mael/stamp/wp3/evocrash-usecases-output/Activeeon/Botsing/v1.0.7/catalog/build.gradle' using BuildScriptTransformer.
All projects evaluated.
Selected primary task 'botsing' from project :
Tasks to be executed: [task ':botsing']
:botsing (Thread[Task worker for ':',5,main]) started.
18:26:32.868 [main] INFO  eu.stamp.botsing.StackTrace - Exception type is detected: 2019-10-15 17
18:26:32.871 [main] WARN  eu.stamp.botsing.StackTrace - Missing line in frame 3
18:26:32.873 [main] WARN  eu.stamp.botsing.StackTrace - Missing line in frame 12
18:26:32.874 [main] WARN  eu.stamp.botsing.StackTrace - Missing line in frame 16
18:26:32.876 [main] INFO  eu.stamp.botsing.StackTrace - Target frame is set to: javax.servlet.http.HttpServlet.service(HttpServlet:790)
18:26:32.876 [main] INFO  eu.stamp.botsing.StackTrace - Target Class is set to: javax.servlet.http.HttpServlet
18:26:33.087 [main] INFO  e.s.b.reproduction.CrashReproduction - Starting the dependency analysis. The number of detected jar files is 106.

> Task :botsing
Task ':botsing' is not up-to-date because:
  Task has not declared any outputs despite executing actions.
The following parameters will be used: 
- logPath: /home/mael/stamp/wp3/evocrash-usecases-output/Activeeon/Botsing/v1.0.7/catalog/exceptions/bucketNotFoundException/BucketNotFoundException.log
- targetFrame: 32
- output: .
- searchBudget: 60
- botsingVersion: 1.0.7
- mavenArtifacts: [
	org.ow2.proactive:catalog:8.3.5]
Running Botsing with target frame=32.

18:26:43.055 [main] INFO  e.s.b.reproduction.CrashReproduction - Analysing dependencies done!
18:26:43.344 [main] INFO  e.s.b.t.s.BotsingIndividualStrategy - test generation strategy: Botsing individual
Exception in thread "main" java.lang.NullPointerException
	at eu.stamp.botsing.ga.strategy.operators.GuidedSearchUtility.getTargetInstruction(GuidedSearchUtility.java:173)
	at eu.stamp.botsing.ga.strategy.operators.GuidedSearchUtility.getPublicCalls(GuidedSearchUtility.java:77)
	at eu.stamp.botsing.ga.strategy.operators.GuidedSearchUtility.getPublicCalls(GuidedSearchUtility.java:98)
	at eu.stamp.botsing.ga.strategy.operators.GuidedSearchUtility.collectPublicCalls(GuidedSearchUtility.java:30)
	at eu.stamp.botsing.fitnessfunction.testcase.factories.StackTraceChromosomeFactory.fillPublicCalls(StackTraceChromosomeFactory.java:206)
	at eu.stamp.botsing.fitnessfunction.testcase.factories.StackTraceChromosomeFactory.<init>(StackTraceChromosomeFactory.java:70)
	at eu.stamp.botsing.testgeneration.strategy.TestGenerationUtility.getChromosomeFactory(TestGenerationUtility.java:46)
	at eu.stamp.botsing.testgeneration.strategy.TestGenerationUtility.getGA(TestGenerationUtility.java:26)
	at eu.stamp.botsing.testgeneration.strategy.BotsingIndividualStrategy.generateTests(BotsingIndividualStrategy.java:61)
	at eu.stamp.botsing.reproduction.CrashReproduction.generateCrashReproductionTests(CrashReproduction.java:123)
	at eu.stamp.botsing.reproduction.CrashReproduction.execute(CrashReproduction.java:72)
	at eu.stamp.botsing.Botsing.parseCommandLine(Botsing.java:91)
	at eu.stamp.botsing.Botsing.main(Botsing.java:213)

> Task :botsing
Running Botsing with target frame=31.

18:28:32.853 [main] INFO  eu.stamp.botsing.StackTrace - Exception type is detected: 2019-10-15 17
18:28:32.856 [main] WARN  eu.stamp.botsing.StackTrace - Missing line in frame 3
18:28:32.858 [main] WARN  eu.stamp.botsing.StackTrace - Missing line in frame 12
18:28:32.859 [main] WARN  eu.stamp.botsing.StackTrace - Missing line in frame 16
18:28:32.861 [main] INFO  eu.stamp.botsing.StackTrace - Target frame is set to: org.springframework.web.servlet.FrameworkServlet.service(FrameworkServlet:843)
18:28:32.861 [main] INFO  eu.stamp.botsing.StackTrace - Target Class is set to: org.springframework.web.servlet.FrameworkServlet
18:28:33.939 [main] INFO  e.s.b.reproduction.CrashReproduction - Starting the dependency analysis. The number of detected jar files is 106.
18:28:44.902 [main] INFO  e.s.b.reproduction.CrashReproduction - Analysing dependencies done!
18:28:44.911 [main] INFO  e.s.b.t.s.BotsingIndividualStrategy - test generation strategy: Botsing individual
18:28:44.922 [main] INFO  e.s.b.g.s.GuidedGeneticAlgorithm - Initializing the first population with size of 50 individuals
18:28:47.822 [main] INFO  e.s.b.g.s.GuidedGeneticAlgorithm - Best fitness in the initial population is: 5.666666666666666
18:28:47.822 [main] INFO  e.s.b.g.s.GuidedGeneticAlgorithm - Best fitness in the final population is: 5.666666666666666. PT: 2 seconds
18:28:47.822 [main] INFO  e.s.b.g.s.GuidedGeneticAlgorithm - Starting evolution
18:28:48.608 [main] INFO  e.s.b.g.s.GuidedGeneticAlgorithm - Best fitness in the current population: 5.666666666666666 | 100
18:28:49.630 [main] INFO  e.s.b.g.s.GuidedGeneticAlgorithm - Best fitness in the current population: 3.0 | 150
18:28:49.631 [main] INFO  e.s.b.g.s.GuidedGeneticAlgorithm - Best fitness in the final population is: 3.0. PT: 4 seconds
18:28:50.404 [main] INFO  e.s.b.g.s.GuidedGeneticAlgorithm - Best fitness in the current population: 3.0 | 200
18:28:50.953 [main] INFO  e.s.b.g.s.GuidedGeneticAlgorithm - Best fitness in the current population: 3.0 | 250
18:28:51.757 [main] INFO  e.s.b.g.s.GuidedGeneticAlgorithm - Best fitness in the current population: 3.0 | 300
18:28:52.102 [main] INFO  e.s.b.g.s.GuidedGeneticAlgorithm - Best fitness in the current population: 3.0 | 350
18:28:52.408 [main] INFO  e.s.b.g.s.GuidedGeneticAlgorithm - Best fitness in the current population: 3.0 | 400
18:28:52.675 [main] INFO  e.s.b.g.s.GuidedGeneticAlgorithm - Best fitness in the current population: 3.0 | 450
18:28:52.893 [main] INFO  e.s.b.g.s.GuidedGeneticAlgorithm - Best fitness in the current population: 3.0 | 500
18:28:53.083 [main] INFO  e.s.b.g.s.GuidedGeneticAlgorithm - Best fitness in the current population: 3.0 | 550
18:28:53.312 [main] INFO  e.s.b.g.s.GuidedGeneticAlgorithm - Best fitness in the current population: 3.0 | 600
18:28:53.453 [main] INFO  e.s.b.g.s.GuidedGeneticAlgorithm - Best fitness in the current population: 3.0 | 650
18:28:53.799 [main] INFO  e.s.b.g.s.GuidedGeneticAlgorithm - Best fitness in the current population: 3.0 | 700
18:28:53.993 [main] INFO  e.s.b.g.s.GuidedGeneticAlgorithm - Best fitness in the current population: 3.0 | 750
18:28:54.213 [main] INFO  e.s.b.g.s.GuidedGeneticAlgorithm - Best fitness in the current population: 3.0 | 800
18:28:54.395 [main] INFO  e.s.b.g.s.GuidedGeneticAlgorithm - Best fitness in the current population: 3.0 | 850
18:28:54.589 [main] INFO  e.s.b.g.s.GuidedGeneticAlgorithm - Best fitness in the current population: 3.0 | 900
18:28:54.830 [main] INFO  e.s.b.g.s.GuidedGeneticAlgorithm - Best fitness in the current population: 3.0 | 950
18:28:55.045 [main] INFO  e.s.b.g.s.GuidedGeneticAlgorithm - Best fitness in the current population: 3.0 | 1000
18:28:55.244 [main] INFO  e.s.b.g.s.GuidedGeneticAlgorithm - Best fitness in the current population: 3.0 | 1050
18:28:55.426 [main] INFO  e.s.b.g.s.GuidedGeneticAlgorithm - Best fitness in the current population: 3.0 | 1100
18:28:55.698 [main] INFO  e.s.b.g.s.GuidedGeneticAlgorithm - Best fitness in the current population: 3.0 | 1150
18:28:55.919 [main] INFO  e.s.b.g.s.GuidedGeneticAlgorithm - Best fitness in the current population: 3.0 | 1200
18:28:56.056 [main] INFO  e.s.b.g.s.GuidedGeneticAlgorithm - Best fitness in the current population: 3.0 | 1250
18:28:56.235 [main] INFO  e.s.b.g.s.GuidedGeneticAlgorithm - Best fitness in the current population: 3.0 | 1300
18:28:56.450 [main] INFO  e.s.b.g.s.GuidedGeneticAlgorithm - Best fitness in the current population: 3.0 | 1350
18:28:56.651 [main] INFO  e.s.b.g.s.GuidedGeneticAlgorithm - Best fitness in the current population: 3.0 | 1400
18:28:56.900 [main] INFO  e.s.b.g.s.GuidedGeneticAlgorithm - Best fitness in the current population: 3.0 | 1450
18:28:57.199 [main] INFO  e.s.b.g.s.GuidedGeneticAlgorithm - Best fitness in the current population: 3.0 | 1500
18:28:57.452 [main] INFO  e.s.b.g.s.GuidedGeneticAlgorithm - Best fitness in the current population: 3.0 | 1550
18:28:57.671 [main] INFO  e.s.b.g.s.GuidedGeneticAlgorithm - Best fitness in the current population: 3.0 | 1600
18:28:58.009 [main] INFO  e.s.b.g.s.GuidedGeneticAlgorithm - Best fitness in the current population: 3.0 | 1650
18:28:58.385 [main] INFO  e.s.b.g.s.GuidedGeneticAlgorithm - Best fitness in the current population: 3.0 | 1700
18:28:58.705 [main] INFO  e.s.b.g.s.GuidedGeneticAlgorithm - Best fitness in the current population: 3.0 | 1750
18:28:59.011 [main] INFO  e.s.b.g.s.GuidedGeneticAlgorithm - Best fitness in the current population: 3.0 | 1800
18:28:59.309 [main] INFO  e.s.b.g.s.GuidedGeneticAlgorithm - Best fitness in the current population: 3.0 | 1850
18:28:59.618 [main] INFO  e.s.b.g.s.GuidedGeneticAlgorithm - Best fitness in the current population: 3.0 | 1900
18:28:59.922 [main] INFO  e.s.b.g.s.GuidedGeneticAlgorithm - Best fitness in the current population: 3.0 | 1950
18:29:00.861 [main] INFO  e.s.b.g.s.GuidedGeneticAlgorithm - Best fitness in the current population: 3.0 | 2000
18:29:01.117 [main] INFO  e.s.b.g.s.GuidedGeneticAlgorithm - Best fitness in the current population: 3.0 | 2050
18:29:01.327 [main] INFO  e.s.b.g.s.GuidedGeneticAlgorithm - Best fitness in the current population: 3.0 | 2100
18:29:01.555 [main] INFO  e.s.b.g.s.GuidedGeneticAlgorithm - Best fitness in the current population: 3.0 | 2150
18:29:01.880 [main] INFO  e.s.b.g.s.GuidedGeneticAlgorithm - Best fitness in the current population: 3.0 | 2200
18:29:02.097 [main] INFO  e.s.b.g.s.GuidedGeneticAlgorithm - Best fitness in the current population: 3.0 | 2250
18:29:02.335 [main] INFO  e.s.b.g.s.GuidedGeneticAlgorithm - Best fitness in the current population: 3.0 | 2300
18:29:02.545 [main] INFO  e.s.b.g.s.GuidedGeneticAlgorithm - Best fitness in the current population: 3.0 | 2350
18:29:02.744 [main] INFO  e.s.b.g.s.GuidedGeneticAlgorithm - Best fitness in the current population: 3.0 | 2400
18:29:02.910 [main] INFO  e.s.b.g.s.GuidedGeneticAlgorithm - Best fitness in the current population: 3.0 | 2450
18:29:03.042 [main] INFO  e.s.b.g.s.GuidedGeneticAlgorithm - Best fitness in the current population: 3.0 | 2500
18:29:03.213 [main] INFO  e.s.b.g.s.GuidedGeneticAlgorithm - Best fitness in the current population: 3.0 | 2550
18:29:03.372 [main] INFO  e.s.b.g.s.GuidedGeneticAlgorithm - Best fitness in the current population: 3.0 | 2600
18:29:03.639 [main] INFO  e.s.b.g.s.GuidedGeneticAlgorithm - Best fitness in the current population: 3.0 | 2650
18:29:03.843 [main] INFO  e.s.b.g.s.GuidedGeneticAlgorithm - Best fitness in the current population: 3.0 | 2700
18:29:04.097 [main] INFO  e.s.b.g.s.GuidedGeneticAlgorithm - Best fitness in the current population: 3.0 | 2750
18:29:04.346 [main] INFO  e.s.b.g.s.GuidedGeneticAlgorithm - Best fitness in the current population: 3.0 | 2800
18:29:04.648 [main] INFO  e.s.b.g.s.GuidedGeneticAlgorithm - Best fitness in the current population: 3.0 | 2850
18:29:04.901 [main] INFO  e.s.b.g.s.GuidedGeneticAlgorithm - Best fitness in the current population: 3.0 | 2900
18:29:05.244 [main] INFO  e.s.b.g.s.GuidedGeneticAlgorithm - Best fitness in the current population: 3.0 | 2950
18:29:05.655 [main] INFO  e.s.b.g.s.GuidedGeneticAlgorithm - Best fitness in the current population: 3.0 | 3000
18:29:06.081 [main] INFO  e.s.b.g.s.GuidedGeneticAlgorithm - Best fitness in the current population: 3.0 | 3050
18:29:06.397 [main] INFO  e.s.b.g.s.GuidedGeneticAlgorithm - Best fitness in the current population: 3.0 | 3100
18:29:06.753 [main] INFO  e.s.b.g.s.GuidedGeneticAlgorithm - Best fitness in the current population: 3.0 | 3150
18:29:07.105 [main] INFO  e.s.b.g.s.GuidedGeneticAlgorithm - Best fitness in the current population: 3.0 | 3200
18:29:07.486 [main] INFO  e.s.b.g.s.GuidedGeneticAlgorithm - Best fitness in the current population: 3.0 | 3250
18:29:07.811 [main] INFO  e.s.b.g.s.GuidedGeneticAlgorithm - Best fitness in the current population: 3.0 | 3300
18:29:08.220 [main] INFO  e.s.b.g.s.GuidedGeneticAlgorithm - Best fitness in the current population: 3.0 | 3350
18:29:08.596 [main] INFO  e.s.b.g.s.GuidedGeneticAlgorithm - Best fitness in the current population: 3.0 | 3400
18:29:08.943 [main] INFO  e.s.b.g.s.GuidedGeneticAlgorithm - Best fitness in the current population: 3.0 | 3450
18:29:09.282 [main] INFO  e.s.b.g.s.GuidedGeneticAlgorithm - Best fitness in the current population: 3.0 | 3500
18:29:09.613 [main] INFO  e.s.b.g.s.GuidedGeneticAlgorithm - Best fitness in the current population: 3.0 | 3550
18:29:09.947 [main] INFO  e.s.b.g.s.GuidedGeneticAlgorithm - Best fitness in the current population: 3.0 | 3600
18:29:10.272 [main] INFO  e.s.b.g.s.GuidedGeneticAlgorithm - Best fitness in the current population: 3.0 | 3650
18:29:10.770 [main] INFO  e.s.b.g.s.GuidedGeneticAlgorithm - Best fitness in the current population: 3.0 | 3700
18:29:11.156 [main] INFO  e.s.b.g.s.GuidedGeneticAlgorithm - Best fitness in the current population: 3.0 | 3750
18:29:11.503 [main] INFO  e.s.b.g.s.GuidedGeneticAlgorithm - Best fitness in the current population: 3.0 | 3800
18:29:11.862 [main] INFO  e.s.b.g.s.GuidedGeneticAlgorithm - Best fitness in the current population: 3.0 | 3850
18:29:12.289 [main] INFO  e.s.b.g.s.GuidedGeneticAlgorithm - Best fitness in the current population: 3.0 | 3900
18:29:12.642 [main] INFO  e.s.b.g.s.GuidedGeneticAlgorithm - Best fitness in the current population: 3.0 | 3950
18:29:13.011 [main] INFO  e.s.b.g.s.GuidedGeneticAlgorithm - Best fitness in the current population: 3.0 | 4000
18:29:13.379 [main] INFO  e.s.b.g.s.GuidedGeneticAlgorithm - Best fitness in the current population: 3.0 | 4050
18:29:13.760 [main] INFO  e.s.b.g.s.GuidedGeneticAlgorithm - Best fitness in the current population: 3.0 | 4100
18:29:14.137 [main] INFO  e.s.b.g.s.GuidedGeneticAlgorithm - Best fitness in the current population: 3.0 | 4150
18:29:14.554 [main] INFO  e.s.b.g.s.GuidedGeneticAlgorithm - Best fitness in the current population: 3.0 | 4200
18:29:14.926 [main] INFO  e.s.b.g.s.GuidedGeneticAlgorithm - Best fitness in the current population: 3.0 | 4250
18:29:15.294 [main] INFO  e.s.b.g.s.GuidedGeneticAlgorithm - Best fitness in the current population: 3.0 | 4300
18:29:15.677 [main] INFO  e.s.b.g.s.GuidedGeneticAlgorithm - Best fitness in the current population: 3.0 | 4350
18:29:16.042 [main] INFO  e.s.b.g.s.GuidedGeneticAlgorithm - Best fitness in the current population: 3.0 | 4400
18:29:16.380 [main] INFO  e.s.b.g.s.GuidedGeneticAlgorithm - Best fitness in the current population: 3.0 | 4450
18:29:16.804 [main] INFO  e.s.b.g.s.GuidedGeneticAlgorithm - Best fitness in the current population: 3.0 | 4500
18:29:17.184 [main] INFO  e.s.b.g.s.GuidedGeneticAlgorithm - Best fitness in the current population: 3.0 | 4550
18:29:17.596 [main] INFO  e.s.b.g.s.GuidedGeneticAlgorithm - Best fitness in the current population: 3.0 | 4600
18:29:18.024 [main] INFO  e.s.b.g.s.GuidedGeneticAlgorithm - Best fitness in the current population: 3.0 | 4650
18:29:18.442 [main] INFO  e.s.b.g.s.GuidedGeneticAlgorithm - Best fitness in the current population: 3.0 | 4700
18:29:18.841 [main] INFO  e.s.b.g.s.GuidedGeneticAlgorithm - Best fitness in the current population: 3.0 | 4750
18:29:19.273 [main] INFO  e.s.b.g.s.GuidedGeneticAlgorithm - Best fitness in the current population: 3.0 | 4800
18:29:19.701 [main] INFO  e.s.b.g.s.GuidedGeneticAlgorithm - Best fitness in the current population: 3.0 | 4850
18:29:20.107 [main] INFO  e.s.b.g.s.GuidedGeneticAlgorithm - Best fitness in the current population: 3.0 | 4900
18:29:20.588 [main] INFO  e.s.b.g.s.GuidedGeneticAlgorithm - Best fitness in the current population: 3.0 | 4950
18:29:21.100 [main] INFO  e.s.b.g.s.GuidedGeneticAlgorithm - Best fitness in the current population: 3.0 | 5000
18:29:21.550 [main] INFO  e.s.b.g.s.GuidedGeneticAlgorithm - Best fitness in the current population: 3.0 | 5050
18:29:21.991 [main] INFO  e.s.b.g.s.GuidedGeneticAlgorithm - Best fitness in the current population: 3.0 | 5100
18:29:22.420 [main] INFO  e.s.b.g.s.GuidedGeneticAlgorithm - Best fitness in the current population: 3.0 | 5150
18:29:22.812 [main] INFO  e.s.b.g.s.GuidedGeneticAlgorithm - Best fitness in the current population: 3.0 | 5200
18:29:23.238 [main] INFO  e.s.b.g.s.GuidedGeneticAlgorithm - Best fitness in the current population: 3.0 | 5250
18:29:23.673 [main] INFO  e.s.b.g.s.GuidedGeneticAlgorithm - Best fitness in the current population: 3.0 | 5300
18:29:24.061 [main] INFO  e.s.b.g.s.GuidedGeneticAlgorithm - Best fitness in the current population: 3.0 | 5350
18:29:24.474 [main] INFO  e.s.b.g.s.GuidedGeneticAlgorithm - Best fitness in the current population: 3.0 | 5400
18:29:24.800 [main] INFO  e.s.b.g.s.GuidedGeneticAlgorithm - Best fitness in the current population: 3.0 | 5450
18:29:25.293 [main] INFO  e.s.b.g.s.GuidedGeneticAlgorithm - Best fitness in the current population: 3.0 | 5500
18:29:25.764 [main] INFO  e.s.b.g.s.GuidedGeneticAlgorithm - Best fitness in the current population: 3.0 | 5550
18:29:26.150 [main] INFO  e.s.b.g.s.GuidedGeneticAlgorithm - Best fitness in the current population: 3.0 | 5600
18:29:26.546 [main] INFO  e.s.b.g.s.GuidedGeneticAlgorithm - Best fitness in the current population: 3.0 | 5650
18:29:26.962 [main] INFO  e.s.b.g.s.GuidedGeneticAlgorithm - Best fitness in the current population: 3.0 | 5700
18:29:27.411 [main] INFO  e.s.b.g.s.GuidedGeneticAlgorithm - Best fitness in the current population: 3.0 | 5750
18:29:27.916 [main] INFO  e.s.b.g.s.GuidedGeneticAlgorithm - Best fitness in the current population: 3.0 | 5800
18:29:28.349 [main] INFO  e.s.b.g.s.GuidedGeneticAlgorithm - Best fitness in the current population: 3.0 | 5850
18:29:28.831 [main] INFO  e.s.b.g.s.GuidedGeneticAlgorithm - Best fitness in the current population: 3.0 | 5900
18:29:29.322 [main] INFO  e.s.b.g.s.GuidedGeneticAlgorithm - Best fitness in the current population: 3.0 | 5950
18:29:29.688 [main] INFO  e.s.b.g.s.GuidedGeneticAlgorithm - Best fitness in the current population: 3.0 | 6000
18:29:30.031 [main] INFO  e.s.b.g.s.GuidedGeneticAlgorithm - Best fitness in the current population: 3.0 | 6050
18:29:30.405 [main] INFO  e.s.b.g.s.GuidedGeneticAlgorithm - Best fitness in the current population: 3.0 | 6100
18:29:30.778 [main] INFO  e.s.b.g.s.GuidedGeneticAlgorithm - Best fitness in the current population: 3.0 | 6150
18:29:31.156 [main] INFO  e.s.b.g.s.GuidedGeneticAlgorithm - Best fitness in the current population: 3.0 | 6200
18:29:31.540 [main] INFO  e.s.b.g.s.GuidedGeneticAlgorithm - Best fitness in the current population: 3.0 | 6250
18:29:31.902 [main] INFO  e.s.b.g.s.GuidedGeneticAlgorithm - Best fitness in the current population: 3.0 | 6300
18:29:32.287 [main] INFO  e.s.b.g.s.GuidedGeneticAlgorithm - Best fitness in the current population: 3.0 | 6350
18:29:32.615 [main] INFO  e.s.b.g.s.GuidedGeneticAlgorithm - Best fitness in the current population: 3.0 | 6400
18:29:32.971 [main] INFO  e.s.b.g.s.GuidedGeneticAlgorithm - Best fitness in the current population: 3.0 | 6450
18:29:33.395 [main] INFO  e.s.b.g.s.GuidedGeneticAlgorithm - Best fitness in the current population: 3.0 | 6500
18:29:33.735 [main] INFO  e.s.b.g.s.GuidedGeneticAlgorithm - Best fitness in the current population: 3.0 | 6550
18:29:34.105 [main] INFO  e.s.b.g.s.GuidedGeneticAlgorithm - Best fitness in the current population: 3.0 | 6600
18:29:34.525 [main] INFO  e.s.b.g.s.GuidedGeneticAlgorithm - Best fitness in the current population: 3.0 | 6650
18:29:35.017 [main] INFO  e.s.b.g.s.GuidedGeneticAlgorithm - Best fitness in the current population: 3.0 | 6700
18:29:35.534 [main] INFO  e.s.b.g.s.GuidedGeneticAlgorithm - Best fitness in the current population: 3.0 | 6750
18:29:35.936 [main] INFO  e.s.b.g.s.GuidedGeneticAlgorithm - Best fitness in the current population: 3.0 | 6800
18:29:36.332 [main] INFO  e.s.b.g.s.GuidedGeneticAlgorithm - Best fitness in the current population: 3.0 | 6850
18:29:36.699 [main] INFO  e.s.b.g.s.GuidedGeneticAlgorithm - Best fitness in the current population: 3.0 | 6900
18:29:37.080 [main] INFO  e.s.b.g.s.GuidedGeneticAlgorithm - Best fitness in the current population: 3.0 | 6950
18:29:37.502 [main] INFO  e.s.b.g.s.GuidedGeneticAlgorithm - Best fitness in the current population: 3.0 | 7000
18:29:37.927 [main] INFO  e.s.b.g.s.GuidedGeneticAlgorithm - Best fitness in the current population: 3.0 | 7050
18:29:38.355 [main] INFO  e.s.b.g.s.GuidedGeneticAlgorithm - Best fitness in the current population: 3.0 | 7100
18:29:38.762 [main] INFO  e.s.b.g.s.GuidedGeneticAlgorithm - Best fitness in the current population: 3.0 | 7150
18:29:39.230 [main] INFO  e.s.b.g.s.GuidedGeneticAlgorithm - Best fitness in the current population: 3.0 | 7200
18:29:39.698 [main] INFO  e.s.b.g.s.GuidedGeneticAlgorithm - Best fitness in the current population: 3.0 | 7250
18:29:40.181 [main] INFO  e.s.b.g.s.GuidedGeneticAlgorithm - Best fitness in the current population: 3.0 | 7300
18:29:40.674 [main] INFO  e.s.b.g.s.GuidedGeneticAlgorithm - Best fitness in the current population: 3.0 | 7350
18:29:41.090 [main] INFO  e.s.b.g.s.GuidedGeneticAlgorithm - Best fitness in the current population: 3.0 | 7400
18:29:41.437 [main] INFO  e.s.b.g.s.GuidedGeneticAlgorithm - Best fitness in the current population: 3.0 | 7450
18:29:41.777 [main] INFO  e.s.b.g.s.GuidedGeneticAlgorithm - Best fitness in the current population: 3.0 | 7500
18:29:42.129 [main] INFO  e.s.b.g.s.GuidedGeneticAlgorithm - Best fitness in the current population: 3.0 | 7550
18:29:42.527 [main] INFO  e.s.b.g.s.GuidedGeneticAlgorithm - Best fitness in the current population: 3.0 | 7600
18:29:43.371 [main] INFO  e.s.b.g.s.GuidedGeneticAlgorithm - Best fitness in the current population: 3.0 | 7650
18:29:43.940 [main] INFO  e.s.b.g.s.GuidedGeneticAlgorithm - Best fitness in the current population: 3.0 | 7700
18:29:44.492 [main] INFO  e.s.b.g.s.GuidedGeneticAlgorithm - Best fitness in the current population: 3.0 | 7750
18:29:44.979 [main] INFO  e.s.b.g.s.GuidedGeneticAlgorithm - Best fitness in the current population: 3.0 | 7800
18:29:45.395 [main] INFO  e.s.b.g.s.GuidedGeneticAlgorithm - Best fitness in the current population: 3.0 | 7850
18:29:45.764 [main] INFO  e.s.b.g.s.GuidedGeneticAlgorithm - Best fitness in the current population: 3.0 | 7900
18:29:45.921 [main] INFO  e.s.b.g.s.GuidedGeneticAlgorithm - MaxTime :                         61 / 60           Finished!
18:29:46.084 [main] INFO  e.s.b.g.s.GuidedGeneticAlgorithm - Best fitness in the current population: 3.0 | 7950
18:29:46.085 [main] INFO  e.s.b.g.s.GuidedGeneticAlgorithm - MaxTime :                         61 / 60           Finished!
18:29:46.085 [main] INFO  e.s.b.g.s.GuidedGeneticAlgorithm - The search process is finished.
18:29:46.085 [main] INFO  e.s.b.g.s.GuidedGeneticAlgorithm - Best fitness in the final population is: 3.0. PT: 4 seconds
18:29:46.085 [main] INFO  e.s.b.t.s.BotsingIndividualStrategy - * The target crash is not covered! The best solution has 3.0 fitness value.
18:29:46.085 [main] INFO  e.s.b.t.s.BotsingIndividualStrategy - The best test is:(non-minimized version:
)
18:29:46.088 [main] INFO  e.s.b.reproduction.CrashReproduction - * Minimizing test suite
18:29:46.091 [main] INFO  e.s.b.reproduction.CrashReproduction - * Compiling and checking tests
18:29:46.097 [main] INFO  e.s.b.reproduction.CrashReproduction - * Writing JUnit test case 'FrameworkServlet_ESTest' to .
18:29:46.115 [main] INFO  e.s.b.reproduction.CrashReproduction - The solution test is saved!
:botsing (Thread[Task worker for ':',5,main]) completed. Took 3 mins 13.846 secs.

BUILD SUCCESSFUL in 3m 14s
1 actionable task: 1 executed
