java.lang.NullPointerException
	at no.tellu.lib.util.StateMachine.setStateImpl(StateMachine.java:87)
	at no.tellu.cloud.mediator.impl.CoreMediator.setStateImpl(CoreMediator.java:81)
	at no.tellu.lib.util.StateMachine.setState(StateMachine.java:67)
	at no.tellu.cloud.mediator.impl.CoreMediator.initService(CoreMediator.java:135)
	at no.tellu.cloud.mediator.ServiceComponent.initImpl(ServiceComponent.java:146)
	at no.tellu.cloud.mediator.ServiceComponent.init(ServiceComponent.java:112)
	at no.tellu.cloud.filterstore.FilterStoreService.init(FilterStoreService.java:115)
	at no.tellu.cloud.test.ComponentTestBase.initStaticRegistry(ComponentTestBase.java:67)
	at no.tellu.cloud.filterstore.FilterStoreComponentTest.initialize(FilterStoreComponentTest.java:34)
	at sun.reflect.NativeMethodAccessorImpl.invoke0(Native Method)
	at sun.reflect.NativeMethodAccessorImpl.invoke(NativeMethodAccessorImpl.java:62)
	at sun.reflect.DelegatingMethodAccessorImpl.invoke(DelegatingMethodAccessorImpl.java:43)
	at java.lang.reflect.Method.invoke(Method.java:498)
	at org.junit.runners.model.FrameworkMethod$1.runReflectiveCall(FrameworkMethod.java:50)
	at org.junit.internal.runners.model.ReflectiveCallable.run(ReflectiveCallable.java:12)
	at org.junit.runners.model.FrameworkMethod.invokeExplosively(FrameworkMethod.java:47)
	at org.junit.internal.runners.statements.RunBefores.evaluate(RunBefores.java:24)
	at org.junit.runners.ParentRunner.run(ParentRunner.java:363)
	at org.eclipse.jdt.internal.junit4.runner.JUnit4TestReference.run(JUnit4TestReference.java:86)
	at org.eclipse.jdt.internal.junit.runner.TestExecution.run(TestExecution.java:38)
	at org.eclipse.jdt.internal.junit.runner.RemoteTestRunner.runTests(RemoteTestRunner.java:538)
	at org.eclipse.jdt.internal.junit.runner.RemoteTestRunner.runTests(RemoteTestRunner.java:760)
	at org.eclipse.jdt.internal.junit.runner.RemoteTestRunner.run(RemoteTestRunner.java:460)
	at org.eclipse.jdt.internal.junit.runner.RemoteTestRunner.main(RemoteTestRunner.java:206)