java.lang.IllegalArgumentException:
	at org.hibernate.hql.ast.util.NodeTraverser.traverseDepthFirst(NodeTraverser.java:55)
	at org.hibernate.hql.ast.QueryTranslatorImpl.parse(QueryTranslatorImpl.java:277)
	at org.hibernate.hql.ast.QueryTranslatorImpl.doCompile(QueryTranslatorImpl.java:180)
	at org.hibernate.hql.ast.QueryTranslatorImpl.compile(QueryTranslatorImpl.java:134)
	at org.hibernate.engine.query.HQLQueryPlan.<init>(HQLQueryPlan.java:101)
	at org.hibernate.engine.query.HQLQueryPlan.<init>(HQLQueryPlan.java:80)
	at org.hibernate.engine.query.QueryPlanCache.getHQLQueryPlan(QueryPlanCache.java:94)
	at org.hibernate.impl.AbstractSessionImpl.getHQLQueryPlan(AbstractSessionImpl.java:156)
	at org.hibernate.impl.AbstractSessionImpl.createQuery(AbstractSessionImpl.java:135)
	at org.hibernate.impl.SessionImpl.createQuery(SessionImpl.java:1650)
	at sun.reflect.NativeMethodAccessorImpl.invoke0(Native Method)
	at sun.reflect.NativeMethodAccessorImpl.invoke(NativeMethodAccessorImpl.java:62)
	at sun.reflect.DelegatingMethodAccessorImpl.invoke(DelegatingMethodAccessorImpl.java:43)
	at java.lang.reflect.Method.invoke(Method.java:498)
	at org.hibernate.context.ThreadLocalSessionContext$TransactionProtectionWrapper.invoke(ThreadLocalSessionContext.java:342)
	at com.sun.proxy.$Proxy26.createQuery(Unknown Source)
	at no.tellu.cloud.filterstore.CircularPositionBuffer.populateBuffer(CircularPositionBuffer.java:53)
	at no.tellu.cloud.filterstore.CircularPositionBuffer.getNextPositionIdentifier(CircularPositionBuffer.java:83)
	at no.tellu.cloud.filterstore.CircularPositionBuffer.getNextPositionIdentifier(CircularPositionBuffer.java:117)
	at no.tellu.cloud.filterstore.cmd.UpdateSensorPositionCmd.handleDevice(UpdateSensorPositionCmd.java:200)
	at no.tellu.cloud.filterstore.cmd.UpdateSensorPositionCmd.execute(UpdateSensorPositionCmd.java:86)
	at no.tellu.findit.cmd.hibernate.CommandHandlerImpl.executeCommand(CommandHandlerImpl.java:59)