"State Updater Thread":
at javassist.ClassPool.get0(ClassPool.java:451)
- waiting to lock <0x00000000ccd9a5d0> (a javassist.ClassPool)
at javassist.ClassPool.get(ClassPool.java:433)
at org.objectweb.proactive.core.mop.JavassistByteCodeStubBuilder.create(JavassistByteCodeStubBuilder.java:142)
at org.objectweb.proactive.core.mop.MOPClassLoader.loadClass(MOPClassLoader.java:243)
- locked <0x00000000cc9f5810> (a org.objectweb.proactive.core.mop.MOPClassLoader)
at org.objectweb.proactive.core.mop.MOPClassLoader.loadClass(MOPClassLoader.java:171)
at org.objectweb.proactive.core.mop.MOP.createStubClass(MOP.java:606)
at org.objectweb.proactive.core.mop.MOP.findStubConstructor(MOP.java:645)
at org.objectweb.proactive.core.mop.MOP.createStubObject(MOP.java:815)
at org.objectweb.proactive.core.mop.MOP.newInstance(MOP.java:331)
at org.objectweb.proactive.core.mop.MOP.newInstance(MOP.java:189)
at org.objectweb.proactive.core.body.proxy.AbstractBodyProxy.reifyAsAsynchronous(AbstractBodyProxy.java:226)
at org.objectweb.proactive.core.body.proxy.AbstractBodyProxy.invokeOnBody(AbstractBodyProxy.java:143)
at org.objectweb.proactive.core.body.proxy.AbstractBodyProxy.reify(AbstractBodyProxy.java:114)
at pa.stub.org.ow2.proactive.scheduler.common.util._StubCachingSchedulerProxyUserInterface.getRevisionVersionAndSchedulerState(_StubCachingSchedulerProxyUserInterface.java)
at org.tefis.connector.pacagrid.tciexec.SchedulerStateCaching$2.run(SchedulerStateCaching.java:155)
at java.lang.Thread.run(Thread.java:636)
"ProActive PAMR message handler #2-thread-1":
at org.objectweb.proactive.core.mop.MOPClassLoader.loadClass(MOPClassLoader.java:176)
- waiting to lock <0x00000000cc9f5810> (a org.objectweb.proactive.core.mop.MOPClassLoader)
at org.objectweb.proactive.core.mop.MOPClassLoader.loadClass(MOPClassLoader.java:162)
at org.objectweb.proactive.core.mop.MOPClassLoader.getClassData(MOPClassLoader.java:91)
at org.objectweb.proactive.core.mop.MOPClassLoader.getResource(MOPClassLoader.java:319)
at javassist.LoaderClassPath.find(LoaderClassPath.java:86)
at javassist.ClassPoolTail.find(ClassPoolTail.java:369)